Flow report for SystolicArray_SV
Sun Jun 22 16:12:13 2025
Quartus Prime Version 22.1std.0 Build 915 10/25/2022 SC Lite Edition


---------------------
; Table of Contents ;
---------------------
  1. Legal Notice
  2. Flow Summary
  3. Flow Settings
  4. Flow Non-Default Global Settings
  5. Flow Elapsed Time
  6. Flow OS Summary
  7. Flow Log
  8. Flow Messages
  9. Flow Suppressed Messages



----------------
; Legal Notice ;
----------------
Copyright (C) 2022  Intel Corporation. All rights reserved.
Your use of Intel Corporation's design tools, logic functions 
and other software and tools, and any partner logic 
functions, and any output files from any of the foregoing 
(including device programming or simulation files), and any 
associated documentation or information are expressly subject 
to the terms and conditions of the Intel Program License 
Subscription Agreement, the Intel Quartus Prime License Agreement,
the Intel FPGA IP License Agreement, or other applicable license
agreement, including, without limitation, that your use is for
the sole purpose of programming logic devices manufactured by
Intel and sold by Intel or its authorized distributors.  Please
refer to the applicable agreement for further details, at
https://fpgasoftware.intel.com/eula.



+----------------------------------------------------------------------------------+
; Flow Summary                                                                     ;
+---------------------------------+------------------------------------------------+
; Flow Status                     ; Successful - Sun Jun 22 16:12:13 2025          ;
; Quartus Prime Version           ; 22.1std.0 Build 915 10/25/2022 SC Lite Edition ;
; Revision Name                   ; SystolicArray_SV                               ;
; Top-level Entity Name           ; de10_standard_top                              ;
; Family                          ; Cyclone V                                      ;
; Device                          ; 5CSXFC6D6F31C6                                 ;
; Timing Models                   ; Final                                          ;
; Logic utilization (in ALMs)     ; 1,384 / 41,910 ( 3 % )                         ;
; Total registers                 ; 1323                                           ;
; Total pins                      ; 12 / 499 ( 2 % )                               ;
; Total virtual pins              ; 0                                              ;
; Total block memory bits         ; 262,144 / 5,662,720 ( 5 % )                    ;
; Total DSP Blocks                ; 21 / 112 ( 19 % )                              ;
; Total HSSI RX PCSs              ; 0 / 9 ( 0 % )                                  ;
; Total HSSI PMA RX Deserializers ; 0 / 9 ( 0 % )                                  ;
; Total HSSI TX PCSs              ; 0 / 9 ( 0 % )                                  ;
; Total HSSI PMA TX Serializers   ; 0 / 9 ( 0 % )                                  ;
; Total PLLs                      ; 0 / 15 ( 0 % )                                 ;
; Total DLLs                      ; 0 / 4 ( 0 % )                                  ;
+---------------------------------+------------------------------------------------+


+-----------------------------------------+
; Flow Settings                           ;
+-------------------+---------------------+
; Option            ; Setting             ;
+-------------------+---------------------+
; Start date & time ; 06/22/2025 16:08:50 ;
; Main task         ; Compilation         ;
; Revision Name     ; SystolicArray_SV    ;
+-------------------+---------------------+


+----------------------------------------------------------------------------------------------------------------------------------------------+
; Flow Non-Default Global Settings                                                                                                             ;
+--------------------------------------+----------------------------------------+------------------+-------------------+-----------------------+
; Assignment Name                      ; Value                                  ; Default Value    ; Entity Name       ; Section Id            ;
+--------------------------------------+----------------------------------------+------------------+-------------------+-----------------------+
; COMPILER_SIGNATURE_ID                ; 154027285978271.175063013016392        ; --               ; --                ; --                    ;
; EDA_DESIGN_INSTANCE_NAME             ; NA                                     ; --               ; --                ; memory_tb             ;
; EDA_DESIGN_INSTANCE_NAME             ; NA                                     ; --               ; --                ; image_processor_tb    ;
; EDA_DESIGN_INSTANCE_NAME             ; NA                                     ; --               ; --                ; systolic_array_tb     ;
; EDA_DESIGN_INSTANCE_NAME             ; NA                                     ; --               ; --                ; processing_element_tb ;
; EDA_DESIGN_INSTANCE_NAME             ; NA                                     ; --               ; --                ; systolic_system_tb    ;
; EDA_NATIVELINK_SIMULATION_TEST_BENCH ; image_processor_tb                     ; --               ; --                ; eda_simulation        ;
; EDA_OUTPUT_DATA_FORMAT               ; Verilog Hdl                            ; --               ; --                ; eda_simulation        ;
; EDA_SIMULATION_TOOL                  ; Questa Intel FPGA (Verilog)            ; <None>           ; --                ; --                    ;
; EDA_TEST_BENCH_ENABLE_STATUS         ; TEST_BENCH_MODE                        ; --               ; --                ; eda_simulation        ;
; EDA_TEST_BENCH_FILE                  ; memory_tb.sv                           ; --               ; --                ; memory_tb             ;
; EDA_TEST_BENCH_FILE                  ; image_processor_tb.sv                  ; --               ; --                ; image_processor_tb    ;
; EDA_TEST_BENCH_FILE                  ; systolic_array_tb.sv                   ; --               ; --                ; systolic_array_tb     ;
; EDA_TEST_BENCH_FILE                  ; processing_element_tb.sv               ; --               ; --                ; processing_element_tb ;
; EDA_TEST_BENCH_FILE                  ; systolic_system_tb.sv                  ; --               ; --                ; systolic_system_tb    ;
; EDA_TEST_BENCH_MODULE_NAME           ; memory_tb                              ; --               ; --                ; memory_tb             ;
; EDA_TEST_BENCH_MODULE_NAME           ; image_processor_tb                     ; --               ; --                ; image_processor_tb    ;
; EDA_TEST_BENCH_MODULE_NAME           ; systolic_array_tb                      ; --               ; --                ; systolic_array_tb     ;
; EDA_TEST_BENCH_MODULE_NAME           ; processing_element_tb                  ; --               ; --                ; processing_element_tb ;
; EDA_TEST_BENCH_MODULE_NAME           ; systolic_system_tb                     ; --               ; --                ; systolic_system_tb    ;
; EDA_TEST_BENCH_NAME                  ; processing_element_tb                  ; --               ; --                ; eda_simulation        ;
; EDA_TEST_BENCH_NAME                  ; systolic_array_tb                      ; --               ; --                ; eda_simulation        ;
; EDA_TEST_BENCH_NAME                  ; memory_tb                              ; --               ; --                ; eda_simulation        ;
; EDA_TEST_BENCH_NAME                  ; image_processor_tb                     ; --               ; --                ; eda_simulation        ;
; EDA_TEST_BENCH_NAME                  ; systolic_system_tb                     ; --               ; --                ; eda_simulation        ;
; EDA_TIME_SCALE                       ; 1 ps                                   ; --               ; --                ; eda_simulation        ;
; MAX_CORE_JUNCTION_TEMP               ; 85                                     ; --               ; --                ; --                    ;
; MIN_CORE_JUNCTION_TEMP               ; 0                                      ; --               ; --                ; --                    ;
; MISC_FILE                            ; ram_bb.v                               ; --               ; --                ; --                    ;
; PARTITION_COLOR                      ; -- (Not supported for targeted family) ; --               ; de10_standard_top ; Top                   ;
; PARTITION_FITTER_PRESERVATION_LEVEL  ; -- (Not supported for targeted family) ; --               ; de10_standard_top ; Top                   ;
; PARTITION_NETLIST_TYPE               ; -- (Not supported for targeted family) ; --               ; de10_standard_top ; Top                   ;
; POWER_BOARD_THERMAL_MODEL            ; None (CONSERVATIVE)                    ; --               ; --                ; --                    ;
; POWER_PRESET_COOLING_SOLUTION        ; 23 MM HEAT SINK WITH 200 LFPM AIRFLOW  ; --               ; --                ; --                    ;
; PROJECT_OUTPUT_DIRECTORY             ; output_files                           ; --               ; --                ; --                    ;
; TOP_LEVEL_ENTITY                     ; de10_standard_top                      ; SystolicArray_SV ; --                ; --                    ;
+--------------------------------------+----------------------------------------+------------------+-------------------+-----------------------+


+--------------------------------------------------------------------------------------------------------------------------+
; Flow Elapsed Time                                                                                                        ;
+----------------------+--------------+-------------------------+---------------------+------------------------------------+
; Module Name          ; Elapsed Time ; Average Processors Used ; Peak Virtual Memory ; Total CPU Time (on all processors) ;
+----------------------+--------------+-------------------------+---------------------+------------------------------------+
; Analysis & Synthesis ; 00:00:28     ; 1.0                     ; 4878 MB             ; 00:00:53                           ;
; Fitter               ; 00:02:13     ; 1.2                     ; 6537 MB             ; 00:05:10                           ;
; Assembler            ; 00:00:11     ; 1.0                     ; 4895 MB             ; 00:00:11                           ;
; Timing Analyzer      ; 00:00:20     ; 2.2                     ; 5243 MB             ; 00:00:35                           ;
; EDA Netlist Writer   ; 00:00:03     ; 1.0                     ; 4766 MB             ; 00:00:03                           ;
; Total                ; 00:03:15     ; --                      ; --                  ; 00:06:52                           ;
+----------------------+--------------+-------------------------+---------------------+------------------------------------+


+------------------------------------------------------------------------------------+
; Flow OS Summary                                                                    ;
+----------------------+------------------+------------+------------+----------------+
; Module Name          ; Machine Hostname ; OS Name    ; OS Version ; Processor type ;
+----------------------+------------------+------------+------------+----------------+
; Analysis & Synthesis ; Kun              ; Windows 10 ; 10.0       ; x86_64         ;
; Fitter               ; Kun              ; Windows 10 ; 10.0       ; x86_64         ;
; Assembler            ; Kun              ; Windows 10 ; 10.0       ; x86_64         ;
; Timing Analyzer      ; Kun              ; Windows 10 ; 10.0       ; x86_64         ;
; EDA Netlist Writer   ; Kun              ; Windows 10 ; 10.0       ; x86_64         ;
+----------------------+------------------+------------+------------+----------------+


------------
; Flow Log ;
------------
quartus_map --read_settings_files=on --write_settings_files=off SystolicArray_SV -c SystolicArray_SV
quartus_fit --read_settings_files=off --write_settings_files=off SystolicArray_SV -c SystolicArray_SV
quartus_asm --read_settings_files=off --write_settings_files=off SystolicArray_SV -c SystolicArray_SV
quartus_sta SystolicArray_SV -c SystolicArray_SV
quartus_eda --read_settings_files=off --write_settings_files=off SystolicArray_SV -c SystolicArray_SV



